bamdad/app/build/outputs/mapping/release/seeds.txt
site.vistatest.bamdad.twa.LauncherActivity: LauncherActivity()
site.vistatest.bamdad.twa.DelegationService: DelegationService()
site.vistatest.bamdad.twa.Application: Application()
site.vistatest.bamdad.twa.DelegationService
site.vistatest.bamdad.twa.Application
site.vistatest.bamdad.twa.LauncherActivity
...
com.google.android.gms.internal.play_billing.zzcb: java.util.Map zzb
com.google.androidbrowserhelper.trusted.FocusActivity: FocusActivity()
com.google.android.gms.internal.play_billing.zzfj: int zzd
com.google.android.gms.internal.play_billing.zzfj
com.google.android.gms.common.internal.zat: android.os.Parcelable$Creator CREATOR
com.google.android.gms.internal.play_billing.zzak: int zza
android.support.v4.graphics.drawable.IconCompatParcelizer: androidx.core.graphics.drawable.IconCompat read(androidx.versionedparcelable.VersionedParcel)
com.google.android.gms.common.internal.GetServiceRequest: android.os.Parcelable$Creator CREATOR
com.google.android.gms.internal.play_billing.zzex: com.google.android.gms.internal.play_billing.zzex[] values()
androidx.fragment.app.BackStackState: android.os.Parcelable$Creator CREATOR
com.google.android.gms.internal.play_billing.zzcb: com.google.android.gms.internal.play_billing.zzeh zzc
com.google.androidbrowserhelper.locationdelegation.PermissionRequestActivity
com.google.android.gms.common.ConnectionResult: android.os.Parcelable$Creator CREATOR
com.google.androidbrowserhelper.playbilling.provider.PaymentService: PaymentService()
com.google.android.gms.common.internal.TelemetryData: android.os.Parcelable$Creator CREATOR
com.google.android.gms.common.api.internal.LifecycleCallback: com.google.android.gms.common.api.internal.LifecycleFragment getChimeraLifecycleFragmentImpl(com.google.android.gms.common.api.internal.LifecycleActivity)
androidx.lifecycle.LiveData$LifecycleBoundObserver
androidx.lifecycle.Lifecycle$Event: androidx.lifecycle.Lifecycle$Event ON_PAUSE
androidx.loader.app.LoaderManagerImpl$LoaderViewModel
com.google.androidbrowserhelper.locationdelegation.PermissionRequestActivity: PermissionRequestActivity()
com.google.android.gms.common.api.GoogleApiActivity
com.google.android.gms.internal.play_billing.zzfm: java.lang.String zze
com.google.android.gms.location.LocationResult: android.os.Parcelable$Creator CREATOR
com.google.android.gms.internal.play_billing.zzby
com.google.android.gms.internal.play_billing.zzfv
com.google.androidbrowserhelper.trusted.NotificationPermissionRequestActivity: NotificationPermissionRequestActivity()
androidx.lifecycle.Lifecycle$Event: androidx.lifecycle.Lifecycle$Event ON_DESTROY
androidx.browser.trusted.TrustedWebActivityService: TrustedWebActivityService()
com.google.androidbrowserhelper.trusted.WebViewFallbackActivity: WebViewFallbackActivity()
androidx.lifecycle.FullLifecycleObserverAdapter
com.google.androidbrowserhelper.trusted.ManageDataLauncherActivity
androidx.core.content.FileProvider: FileProvider()
com.google.androidbrowserhelper.trusted.WebViewFallbackActivity
com.google.android.gms.common.internal.ReflectedParcelable
androidx.versionedparcelable.CustomVersionedParcelable
com.google.android.gms.internal.play_billing.zzfb: com.google.android.gms.internal.play_billing.zzfj zzf
com.google.android.gms.common.Feature: android.os.Parcelable$Creator CREATOR
com.google.android.gms.internal.play_billing.zzfj: java.lang.String zzh
androidx.versionedparcelable.CustomVersionedParcelable: CustomVersionedParcelable()
com.google.android.gms.signin.internal.zaa: android.os.Parcelable$Creator CREATOR
com.google.android.gms.internal.play_billing.zzfv: com.google.android.gms.internal.play_billing.zzfv zzd
com.google.androidbrowserhelper.trusted.LauncherActivity: LauncherActivity()
com.google.androidbrowserhelper.playbilling.provider.PaymentActivity: PaymentActivity()
com.google.android.gms.internal.play_billing.zzff: int zzd
com.google.android.gms.common.internal.zav: android.os.Parcelable$Creator CREATOR
com.google.android.gms.internal.play_billing.zzfm: int zzd
com.google.android.gms.internal.play_billing.zzfv: int zzb
com.google.android.gms.common.annotation.KeepName
androidx.core.graphics.drawable.IconCompatParcelizer: IconCompatParcelizer()
androidx.annotation.Keep