bamdad/app/build/outputs/mapping/release/mapping.txt
# compiler: R8
# compiler_version: 2.1.86
# min_api: 19
# pg_map_id: cf9947f
# common_typos_disable
site.vistatest.bamdad.twa.LauncherActivity -> site.vistatest.bamdad.twa.LauncherActivity:
    android.net.Uri getLaunchingUrl() -> g
...
androidx.fragment.app.DialogFragment -> b.e.a.c:
    int mBackStackId -> c0
    boolean mViewDestroyed -> e0
    boolean mDismissed -> f0
    boolean mShownByMe -> g0
    int mTheme -> Z
    boolean mCancelable -> a0
    boolean mShowsDialog -> b0
    int mStyle -> Y
    android.app.Dialog mDialog -> d0
    void onActivityCreated(android.os.Bundle) -> Q
    void onAttach(android.content.Context) -> T
    void onCreate(android.os.Bundle) -> W
    void onDestroyView() -> d0
    void onDetach() -> e0
    android.view.LayoutInflater onGetLayoutInflater(android.os.Bundle) -> f0
    void dismissInternal(boolean) -> g1
    android.app.Dialog onCreateDialog(android.os.Bundle) -> h1
    void setShowsDialog(boolean) -> i1
    void setupDialog(android.app.Dialog,int) -> j1
    void show(androidx.fragment.app.FragmentManager,java.lang.String) -> k1
    void onSaveInstanceState(android.os.Bundle) -> r0
    void onStart() -> s0
    void onStop() -> t0
androidx.fragment.app.Fragment -> b.e.a.d:
    boolean mFromLayout -> m
    java.lang.String mWho -> f
    boolean mUserVisibleHint -> L
    android.os.Bundle mArguments -> g
    android.view.View mInnerView -> J
    java.lang.String mTag -> z
    int mContainerId -> y
    android.view.LayoutInflater mLayoutInflater -> Q
    androidx.lifecycle.LifecycleRegistry mViewLifecycleRegistry -> T
    boolean mCalled -> G
    androidx.lifecycle.LifecycleOwner mViewLifecycleOwner -> U
    boolean mRetainInstance -> C
    int mBackStackNesting -> q
    boolean mInLayout -> n
    android.os.Bundle mSavedFragmentState -> b
    int mTargetIndex -> i
    int mIndex -> e
    androidx.lifecycle.MutableLiveData mViewLifecycleOwnerLiveData -> V
    int mState -> a
    android.view.View mView -> I
    androidx.fragment.app.Fragment mParentFragment -> w
    androidx.fragment.app.FragmentManagerImpl mFragmentManager -> r
    android.util.SparseArray mSavedViewState -> c
    boolean mRetaining -> D
    boolean mIsNewlyAdded -> N
    boolean mRestored -> o
    int mTargetRequestCode -> j
    boolean mAdded -> k
    boolean mIsCreated -> R
    java.lang.Object USE_DEFAULT_TRANSITION -> X
    androidx.collection.SimpleArrayMap sClassMap -> W
    boolean mHasMenu -> E
    boolean mHidden -> A
    float mPostponedAlpha -> P
    androidx.fragment.app.Fragment mTarget -> h
    androidx.fragment.app.Fragment$AnimationInfo mAnimationInfo -> M
    boolean mHiddenChanged -> O
androidx.fragment.app.Fragment$1 -> b.e.a.d$a:
    androidx.fragment.app.Fragment this$0 -> a
androidx.fragment.app.Fragment$2 -> b.e.a.d$b:
    androidx.fragment.app.Fragment this$0 -> a
    androidx.fragment.app.Fragment instantiate(android.content.Context,java.lang.String,android.os.Bundle) -> a
    android.view.View onFindViewById(int) -> b
    boolean onHasView() -> c
androidx.fragment.app.Fragment$3 -> b.e.a.d$c:
    androidx.fragment.app.Fragment this$0 -> a
    androidx.lifecycle.Lifecycle getLifecycle() -> a
androidx.fragment.app.Fragment$AnimationInfo -> b.e.a.d$d:
    java.lang.Object mReenterTransition -> j
    java.lang.Object mSharedElementEnterTransition -> k
    java.lang.Object mReturnTransition -> h
    java.lang.Object mExitTransition -> i
    androidx.core.app.SharedElementCallback mEnterTransitionCallback -> o
    java.lang.Object mEnterTransition -> g
    androidx.core.app.SharedElementCallback mExitTransitionCallback -> p
    int mNextTransitionStyle -> f
    int mNextAnim -> d
    java.lang.Boolean mAllowReturnTransitionOverlap -> m
    int mNextTransition -> e
    java.lang.Boolean mAllowEnterTransitionOverlap -> n
    boolean mEnterTransitionPostponed -> q
    int mStateAfterAnimating -> c
    java.lang.Object mSharedElementReturnTransition -> l
    boolean mIsHideReplaced -> s
    androidx.fragment.app.Fragment$OnStartEnterTransitionListener mStartEnterTransitionListener -> r
    android.animation.Animator mAnimator -> b
    android.view.View mAnimatingAway -> a