bamdad/app/build/outputs/mapping/release/usage.txt
site.vistatest.bamdad.twa.R$color
site.vistatest.bamdad.twa.BuildConfig
site.vistatest.bamdad.twa.R$style
site.vistatest.bamdad.twa.R$id
site.vistatest.bamdad.twa.R$xml
site.vistatest.bamdad.twa.R$layout
site.vistatest.bamdad.twa.R$integer
site.vistatest.bamdad.twa.R$styleable
site.vistatest.bamdad.twa.R$bool
site.vistatest.bamdad.twa.R$mipmap
site.vistatest.bamdad.twa.R$dimen
site.vistatest.bamdad.twa.R$attr
site.vistatest.bamdad.twa.R
site.vistatest.bamdad.twa.R$drawable
site.vistatest.bamdad.twa.R$string
site.vistatest.bamdad.twa.R$raw
...
android.support.customtabs.ICustomTabsService$Stub$Proxy:
    public java.lang.String getInterfaceDescriptor()
    public boolean mayLaunchUrl(android.support.customtabs.ICustomTabsCallback,android.net.Uri,android.os.Bundle,java.util.List)
    public android.os.Bundle extraCommand(java.lang.String,android.os.Bundle)
    public boolean updateVisuals(android.support.customtabs.ICustomTabsCallback,android.os.Bundle)
    public boolean requestPostMessageChannel(android.support.customtabs.ICustomTabsCallback,android.net.Uri)
    public boolean requestPostMessageChannelWithExtras(android.support.customtabs.ICustomTabsCallback,android.net.Uri,android.os.Bundle)
    public int postMessage(android.support.customtabs.ICustomTabsCallback,java.lang.String,android.os.Bundle)
androidx.asynclayoutinflater.R$styleable
androidx.core.app.BundleCompat:
    private void <init>()
    public static android.os.IBinder getBinder(android.os.Bundle,java.lang.String)
com.google.android.gms.common.data.DataBufferRef
com.google.android.gms.internal.location.zzi:
    public final void zzd(com.google.android.gms.internal.location.zzg)
    public final void zze()
com.google.android.gms.common.util.concurrent.NamedThreadFactory
androidx.loader.content.CursorLoader
androidx.core.app.NavUtils
com.google.android.gms.common.stats.zza
com.google.android.gms.tasks.zzy
androidx.core.graphics.ColorUtils
com.google.android.gms.common.moduleinstall.internal.zaf
com.google.android.gms.common.moduleinstall.zad
androidx.fragment.app.FragmentManager$BackStackEntry
androidx.drawerlayout.R
com.google.android.gms.location.SleepClassifyEvent
androidx.coordinatorlayout.widget.DirectedAcyclicGraph
com.google.android.gms.common.api.internal.zak
com.google.android.gms.tasks.zzh
androidx.core.view.DragStartHelper
androidx.core.content.res.ResourcesCompat
com.google.androidbrowserhelper.R$id
androidx.swiperefreshlayout.R
com.google.android.gms.internal.location.zzco
com.google.android.gms.dynamite.DynamiteModule$VersionPolicy
androidx.browser.R$string
com.google.android.gms.common.util.zzc
androidx.versionedparcelable.VersionedParcel:
    private void writeCollection(java.util.Collection,int)
    private void writeCollection(java.util.Collection)
    private int getType(java.lang.Object)
    private void writeSerializable(java.io.Serializable)
    private int readExceptionCode()
    private java.lang.Exception readException(int,java.lang.String)
    protected static java.lang.Throwable getRootCause(java.lang.Throwable)
    private java.lang.Exception createException(int,java.lang.String)
    private java.util.Collection readCollection(java.util.Collection)
    protected abstract void writeByteArray(byte[],int,int)
    protected abstract void writeLong(long)
    protected abstract void writeFloat(float)
    protected abstract void writeDouble(double)
    protected abstract void writeStrongBinder(android.os.IBinder)
    protected abstract void writeStrongInterface(android.os.IInterface)
    protected abstract void writeBundle(android.os.Bundle)
    protected abstract long readLong()
    protected abstract float readFloat()
    protected abstract double readDouble()
    protected abstract android.os.IBinder readStrongBinder()
    protected abstract android.os.Bundle readBundle()
    public void writeStrongInterface(android.os.IInterface,int)
    public void writeBundle(android.os.Bundle,int)
    public void writeByteArray(byte[],int,int,int)
    public void writeLong(long,int)
    public void writeFloat(float,int)
    public void writeDouble(double,int)
androidx.core.provider.FontsContractCompat$3
androidx.core.view.ViewCompat$3
androidx.arch.core.executor.TaskExecutor:
    public void executeOnMainThread(java.lang.Runnable)
com.google.android.gms.common.PackageSignatureVerifier
androidx.core.net.DatagramSocketWrapper$DatagramSocketImplWrapper
androidx.core.text.TextDirectionHeuristicCompat
androidx.customview.widget.ExploreByTouchHelper$1
androidx.core.graphics.PathSegment